<?xml version="1.0" encoding="UTF-8"?>
<!-- Generated by org.testng.reporters.JUnitXMLReporter -->
<testsuite ignored="2" hostname="LAPTOP-AQIQLLBC" failures="0" tests="0" time="0.002" errors="0" timestamp="2025-02-16T08:11:26 IST">
  <testcase classname="RahulSettyAcademy.test.errorValidationsTest" name="logInErrorValidation" time="0.0">
    <ignored/>
  </testcase> <!-- logInErrorValidation -->
  <testcase classname="RahulSettyAcademy.test.errorValidationsTest" name="productErrorValidation" time="0.0">
    <ignored/>
  </testcase> <!-- productErrorValidation -->
</testsuite>
