<?xml version="1.0" encoding="UTF-8"?>
<!-- Generated by org.testng.reporters.JUnitXMLReporter -->
<testsuite hostname="LAPTOP-AQIQLLBC" failures="0" tests="6" name="Personal loan" time="0.039" errors="0" timestamp="2 Feb 2025 12:21:11 GMT">
  <testcase classname="SeleniumConcept.day1" name="Demo" time="0.014"/>
  <testcase classname="SeleniumConcept.day1" name="Demo" time="0.014"/>
  <testcase classname="SeleniumConcept.day1" name="secondTest" time="0.002"/>
  <testcase classname="SeleniumConcept.day1" name="secondTest" time="0.002"/>
  <testcase classname="SeleniumConcept.day2" name="loan" time="0.001"/>
  <testcase classname="SeleniumConcept.day2" name="loan" time="0.001"/>
</testsuite> <!-- Personal loan -->
