<?xml version="1.0" encoding="UTF-8"?>
<!-- Generated by org.testng.reporters.JUnitXMLReporter -->
<testsuite hostname="LAPTOP-AQIQLLBC" failures="0" tests="8" name="Regression" time="0.038" errors="0" timestamp="3 Feb 2025 04:57:05 GMT">
  <testcase classname="SeleniumConcept.day1" name="Demo" time="0.015"/>
  <testcase classname="SeleniumConcept.day1" name="Demo" time="0.015"/>
  <testcase classname="SeleniumConcept.day2" name="loan" time="0.001"/>
  <testcase classname="SeleniumConcept.day2" name="loan" time="0.001"/>
  <testcase classname="SeleniumConcept.day3" name="swift" time="0.001"/>
  <testcase classname="SeleniumConcept.day3" name="swift" time="0.001"/>
  <testcase classname="SeleniumConcept.day3" name="vista" time="0.0"/>
  <testcase classname="SeleniumConcept.day3" name="vista" time="0.0"/>
</testsuite> <!-- Regression -->
