<?xml version="1.0" encoding="UTF-8"?>
<!-- Generated by org.testng.reporters.JUnitXMLReporter -->
<testsuite ignored="1" hostname="LAPTOP-AQIQLLBC" failures="2" tests="2" name="SubmitOrdertest" time="0.057" errors="0" timestamp="2025-02-16T08:11:26 IST">
  <testcase classname="RahulSettyAcademy.test.submitOrderTest" name="submitOrder" time="0.011">
    <failure type="java.lang.NullPointerException" message="Cannot invoke &amp;quot;RahulsettyAcademy.pageObject.landingPage.logInApplication(String, String)&amp;quot; because &amp;quot;this.landingpage&amp;quot; is null">
      <![CDATA[java.lang.NullPointerException: Cannot invoke "RahulsettyAcademy.pageObject.landingPage.logInApplication(String, String)" because "this.landingpage" is null
at RahulSettyAcademy.test.submitOrderTest.submitOrder(submitOrderTest.java:35)
at java.base/java.util.ArrayList.forEach(ArrayList.java:1511)
... Removed 25 stack frames]]>
    </failure>
  </testcase> <!-- submitOrder -->
  <testcase classname="RahulSettyAcademy.test.submitOrderTest" name="submitOrder" time="0.003">
    <failure type="java.lang.NullPointerException" message="Cannot invoke &amp;quot;RahulsettyAcademy.pageObject.landingPage.logInApplication(String, String)&amp;quot; because &amp;quot;this.landingpage&amp;quot; is null">
      <![CDATA[java.lang.NullPointerException: Cannot invoke "RahulsettyAcademy.pageObject.landingPage.logInApplication(String, String)" because "this.landingpage" is null
at RahulSettyAcademy.test.submitOrderTest.submitOrder(submitOrderTest.java:35)
at java.base/java.util.ArrayList.forEach(ArrayList.java:1511)
... Removed 25 stack frames]]>
    </failure>
  </testcase> <!-- submitOrder -->
  <testcase classname="RahulSettyAcademy.test.submitOrderTest" name="OrderHistory" time="0.0">
    <ignored/>
  </testcase> <!-- OrderHistory -->
</testsuite> <!-- SubmitOrdertest -->
