<?xml version="1.0" encoding="UTF-8"?>
<!-- Generated by org.testng.reporters.JUnitXMLReporter -->
<testsuite hostname="LAPTOP-AQIQLLBC" failures="0" tests="6" name="Test" time="48.884" errors="0" timestamp="15 Feb 2025 11:52:14 GMT">
  <testcase classname="RahulSettyAcademy.test.submitOrderTest" name="submitOrder" time="15.378"/>
  <testcase classname="RahulSettyAcademy.test.submitOrderTest" name="submitOrder" time="15.378"/>
  <testcase classname="RahulSettyAcademy.test.ErrorValidation" name="logInErrorValidation" time="0.657"/>
  <testcase classname="RahulSettyAcademy.test.ErrorValidation" name="logInErrorValidation" time="0.657"/>
  <testcase classname="RahulSettyAcademy.test.ErrorValidation" name="productErrorValidation" time="14.569"/>
  <testcase classname="RahulSettyAcademy.test.ErrorValidation" name="productErrorValidation" time="14.569"/>
</testsuite> <!-- Test -->
