<?xml version="1.0" encoding="UTF-8"?>
<testng-results ignored="0" total="3" passed="2" failed="1" skipped="0">
  <reporter-output>
  </reporter-output>
  <suite started-at="2025-02-16T11:43:06 IST" name="Default suite" finished-at="2025-02-16T11:43:56 IST" duration-ms="49694">
    <groups>
    </groups>
    <test started-at="2025-02-16T11:43:06 IST" name="Default test" finished-at="2025-02-16T11:43:56 IST" duration-ms="49694">
      <class name="RahulSettyAcademy.test.submitOrdernew">
        <test-method is-config="true" signature="launchApplication()[pri:0, instance:RahulSettyAcademy.test.submitOrdernew@481a996b]" started-at="2025-02-16T11:43:06 IST" name="launchApplication" finished-at="2025-02-16T11:43:14 IST" duration-ms="7453" status="PASS">
          <reporter-output>
          </reporter-output>
        </test-method> <!-- launchApplication -->
        <test-method signature="submitOrder(java.util.HashMap)[pri:0, instance:RahulSettyAcademy.test.submitOrdernew@481a996b]" started-at="2025-02-16T11:43:14 IST" name="submitOrder" data-provider="getData" finished-at="2025-02-16T11:43:29 IST" duration-ms="15331" status="PASS">
          <params>
            <param index="0">
              <value>
                <![CDATA[{password=Gopal@1122, product=ZARA COAT 3, email=gopal0011@gmail.com}]]>
              </value>
            </param>
          </params>
          <reporter-output>
          </reporter-output>
        </test-method> <!-- submitOrder -->
        <test-method is-config="true" signature="tearDown()[pri:0, instance:RahulSettyAcademy.test.submitOrdernew@481a996b]" started-at="2025-02-16T11:43:29 IST" name="tearDown" finished-at="2025-02-16T11:43:29 IST" duration-ms="139" status="PASS">
          <reporter-output>
          </reporter-output>
        </test-method> <!-- tearDown -->
        <test-method is-config="true" signature="launchApplication()[pri:0, instance:RahulSettyAcademy.test.submitOrdernew@481a996b]" started-at="2025-02-16T11:43:29 IST" name="launchApplication" finished-at="2025-02-16T11:43:34 IST" duration-ms="4404" status="PASS">
          <reporter-output>
          </reporter-output>
        </test-method> <!-- launchApplication -->
        <test-method signature="submitOrder(java.util.HashMap)[pri:0, instance:RahulSettyAcademy.test.submitOrdernew@481a996b]" started-at="2025-02-16T11:43:34 IST" name="submitOrder" data-provider="getData" finished-at="2025-02-16T11:43:49 IST" duration-ms="15535" status="PASS">
          <params>
            <param index="0">
              <value>
                <![CDATA[{password=Gopal@1122, product=ZARA COAT 3, email=gopal0011@gmail.com}]]>
              </value>
            </param>
          </params>
          <reporter-output>
          </reporter-output>
        </test-method> <!-- submitOrder -->
        <test-method is-config="true" signature="tearDown()[pri:0, instance:RahulSettyAcademy.test.submitOrdernew@481a996b]" started-at="2025-02-16T11:43:49 IST" name="tearDown" finished-at="2025-02-16T11:43:49 IST" duration-ms="137" status="PASS">
          <reporter-output>
          </reporter-output>
        </test-method> <!-- tearDown -->
        <test-method is-config="true" signature="launchApplication()[pri:0, instance:RahulSettyAcademy.test.submitOrdernew@481a996b]" started-at="2025-02-16T11:43:49 IST" name="launchApplication" finished-at="2025-02-16T11:43:55 IST" duration-ms="5303" status="PASS">
          <reporter-output>
          </reporter-output>
        </test-method> <!-- launchApplication -->
        <test-method signature="OrderHistory()[pri:0, instance:RahulSettyAcademy.test.submitOrdernew@481a996b]" started-at="2025-02-16T11:43:55 IST" name="OrderHistory" finished-at="2025-02-16T11:43:56 IST" depends-on-methods="RahulSettyAcademy.test.submitOrdernew.submitOrder" duration-ms="952" status="FAIL">
          <exception class="junit.framework.AssertionFailedError">
            <full-stacktrace>
              <![CDATA[junit.framework.AssertionFailedError
at junit.framework.Assert.fail(Assert.java:47)
at junit.framework.Assert.assertTrue(Assert.java:20)
at junit.framework.Assert.assertTrue(Assert.java:27)
at RahulSettyAcademy.test.submitOrdernew.OrderHistory(submitOrdernew.java:48)
at java.base/jdk.internal.reflect.DirectMethodHandleAccessor.invoke(DirectMethodHandleAccessor.java:104)
at java.base/java.lang.reflect.Method.invoke(Method.java:577)
at org.testng.internal.MethodInvocationHelper.invokeMethod(MethodInvocationHelper.java:133)
at org.testng.internal.TestInvoker.invokeMethod(TestInvoker.java:598)
at org.testng.internal.TestInvoker.invokeTestMethod(TestInvoker.java:173)
at org.testng.internal.MethodRunner.runInSequence(MethodRunner.java:46)
at org.testng.internal.TestInvoker$MethodInvocationAgent.invoke(TestInvoker.java:824)
at org.testng.internal.TestInvoker.invokeTestMethods(TestInvoker.java:146)
at org.testng.internal.TestMethodWorker.invokeTestMethods(TestMethodWorker.java:146)
at org.testng.internal.TestMethodWorker.run(TestMethodWorker.java:128)
at java.base/java.util.ArrayList.forEach(ArrayList.java:1511)
at org.testng.TestRunner.privateRun(TestRunner.java:794)
at org.testng.TestRunner.run(TestRunner.java:596)
at org.testng.SuiteRunner.runTest(SuiteRunner.java:377)
at org.testng.SuiteRunner.runSequentially(SuiteRunner.java:371)
at org.testng.SuiteRunner.privateRun(SuiteRunner.java:332)
at org.testng.SuiteRunner.run(SuiteRunner.java:276)
at org.testng.SuiteRunnerWorker.runSuite(SuiteRunnerWorker.java:53)
at org.testng.SuiteRunnerWorker.run(SuiteRunnerWorker.java:96)
at org.testng.TestNG.runSuitesSequentially(TestNG.java:1212)
at org.testng.TestNG.runSuitesLocally(TestNG.java:1134)
at org.testng.TestNG.runSuites(TestNG.java:1063)
at org.testng.TestNG.run(TestNG.java:1031)
at org.testng.remote.AbstractRemoteTestNG.run(AbstractRemoteTestNG.java:115)
at org.testng.remote.RemoteTestNG.initAndRun(RemoteTestNG.java:251)
at org.testng.remote.RemoteTestNG.main(RemoteTestNG.java:77)
]]>
            </full-stacktrace>
          </exception> <!-- junit.framework.AssertionFailedError -->
          <reporter-output>
          </reporter-output>
        </test-method> <!-- OrderHistory -->
        <test-method is-config="true" signature="tearDown()[pri:0, instance:RahulSettyAcademy.test.submitOrdernew@481a996b]" started-at="2025-02-16T11:43:56 IST" name="tearDown" finished-at="2025-02-16T11:43:56 IST" duration-ms="153" status="PASS">
          <reporter-output>
          </reporter-output>
        </test-method> <!-- tearDown -->
      </class> <!-- RahulSettyAcademy.test.submitOrdernew -->
    </test> <!-- Default test -->
  </suite> <!-- Default suite -->
</testng-results>
